<?xml version="1.0" encoding="UTF-8"?>
<testng-results ignored="0" total="2" passed="2" failed="0" skipped="0">
  <reporter-output>
  </reporter-output>
  <suite started-at="2021-09-28T17:56:25 IST" name="Default suite" finished-at="2021-09-28T17:56:29 IST" duration-ms="4296">
    <groups>
    </groups>
    <test started-at="2021-09-28T17:56:25 IST" name="Default test" finished-at="2021-09-28T17:56:29 IST" duration-ms="4296">
      <class name="seleniumexample.TestHelloWorld">
        <test-method signature="testHelloWorld()[pri:0, instance:seleniumexample.TestHelloWorld@4944252c]" started-at="2021-09-28T17:56:25 IST" name="testHelloWorld" finished-at="2021-09-28T17:56:25 IST" duration-ms="7" status="PASS">
          <reporter-output>
          </reporter-output>
        </test-method> <!-- testHelloWorld -->
        <test-method signature="testHelloWorld2()[pri:0, instance:seleniumexample.TestHelloWorld@4944252c]" started-at="2021-09-28T17:56:25 IST" name="testHelloWorld2" finished-at="2021-09-28T17:56:29 IST" duration-ms="4243" status="PASS">
          <reporter-output>
          </reporter-output>
        </test-method> <!-- testHelloWorld2 -->
      </class> <!-- seleniumexample.TestHelloWorld -->
    </test> <!-- Default test -->
  </suite> <!-- Default suite -->
</testng-results>
